=== Fri Mar  7 09:03:43 AM EST 2025 - Top Processes by Memory ===
    PID    PPID CMD                         %MEM %CPU
   6843    5478 /usr/lpp/mmfs/bin/mmfsd      0.9  8.2
 394288       1 /usr/sbin/dcgm-exporter      0.0  1.0
   3054       1 /usr/bin/python3 /usr/lpp/m  0.0  0.1
   1421       1 /usr/lib/systemd/systemd-jo  0.0  0.0
   2306    2233 /usr/libexec/sssd/sssd_be -  0.0  0.0
   3415       1 /usr/local/bin/vector        0.0  0.0
3549959 3549719 /opt/rapid7/ir_agent/compon  0.0  0.0
3549719    2207 /opt/rapid7/ir_agent/compon  0.0  0.1
   2334    2233 /usr/libexec/sssd/sssd_nss   0.0  0.0
3549723 3549719 /opt/rapid7/ir_agent/compon  0.0  0.0
   2206       1 /usr/bin/python3 -s /usr/sb  0.0  0.0
   2224       1 /usr/sbin/rsyslogd -n        0.0  0.0
 428851       1 /usr/libexec/sssd/sssd_kcm   0.0  1.5
   3576    3415 journalctl --follow --all -  0.0  0.0
   2997       1 /usr/bin/prometheus-node-ex  0.0  5.4
   2336    2233 /usr/libexec/sssd/sssd_ssh   0.0  0.0
      1       0 /usr/lib/systemd/systemd rh  0.0  0.0
   2352       1 /usr/sbin/NetworkManager --  0.0  0.0
2675007    2207 /opt/rapid7/ir_agent/compon  0.0  0.0

=== Fri Mar  7 09:03:53 AM EST 2025 - Top Processes by Memory ===
    PID    PPID CMD                         %MEM %CPU
   6843    5478 /usr/lpp/mmfs/bin/mmfsd      0.9  8.2
 394288       1 /usr/sbin/dcgm-exporter      0.0  1.0
   3054       1 /usr/bin/python3 /usr/lpp/m  0.0  0.1
   1421       1 /usr/lib/systemd/systemd-jo  0.0  0.0
   2306    2233 /usr/libexec/sssd/sssd_be -  0.0  0.0
   3415       1 /usr/local/bin/vector        0.0  0.0
3549959 3549719 /opt/rapid7/ir_agent/compon  0.0  0.0
3549719    2207 /opt/rapid7/ir_agent/compon  0.0  0.1
   2334    2233 /usr/libexec/sssd/sssd_nss   0.0  0.0
3549723 3549719 /opt/rapid7/ir_agent/compon  0.0  0.0
 429071  428912 /ext3/miniconda3/bin/python  0.0  6.8
   2206       1 /usr/bin/python3 -s /usr/sb  0.0  0.0
   2224       1 /usr/sbin/rsyslogd -n        0.0  0.0
 428851       1 /usr/libexec/sssd/sssd_kcm   0.0  0.2
   3576    3415 journalctl --follow --all -  0.0  0.0
   2997       1 /usr/bin/prometheus-node-ex  0.0  5.4
   2336    2233 /usr/libexec/sssd/sssd_ssh   0.0  0.0
      1       0 /usr/lib/systemd/systemd rh  0.0  0.0
   2352       1 /usr/sbin/NetworkManager --  0.0  0.0

=== Fri Mar  7 09:04:03 AM EST 2025 - Top Processes by Memory ===
    PID    PPID CMD                         %MEM %CPU
   6843    5478 /usr/lpp/mmfs/bin/mmfsd      0.9  8.2
 394288       1 /usr/sbin/dcgm-exporter      0.0  1.0
   3054       1 /usr/bin/python3 /usr/lpp/m  0.0  0.1
   1421       1 /usr/lib/systemd/systemd-jo  0.0  0.0
   2306    2233 /usr/libexec/sssd/sssd_be -  0.0  0.0
   3415       1 /usr/local/bin/vector        0.0  0.0
3549959 3549719 /opt/rapid7/ir_agent/compon  0.0  0.0
3549719    2207 /opt/rapid7/ir_agent/compon  0.0  0.1
 429071  428912 /ext3/miniconda3/bin/python  0.0  3.6
   2334    2233 /usr/libexec/sssd/sssd_nss   0.0  0.0
3549723 3549719 /opt/rapid7/ir_agent/compon  0.0  0.0
   2206       1 /usr/bin/python3 -s /usr/sb  0.0  0.0
   2224       1 /usr/sbin/rsyslogd -n        0.0  0.0
 428851       1 /usr/libexec/sssd/sssd_kcm   0.0  0.1
   3576    3415 journalctl --follow --all -  0.0  0.0
   2997       1 /usr/bin/prometheus-node-ex  0.0  5.4
   2336    2233 /usr/libexec/sssd/sssd_ssh   0.0  0.0
      1       0 /usr/lib/systemd/systemd rh  0.0  0.0
   2352       1 /usr/sbin/NetworkManager --  0.0  0.0

=== Fri Mar  7 09:04:13 AM EST 2025 - Top Processes by Memory ===
    PID    PPID CMD                         %MEM %CPU
   6843    5478 /usr/lpp/mmfs/bin/mmfsd      0.9  8.2
 394288       1 /usr/sbin/dcgm-exporter      0.0  1.0
 428912  428891 /ext3/miniconda3/bin/python  0.0  0.9
   3054       1 /usr/bin/python3 /usr/lpp/m  0.0  0.1
   1421       1 /usr/lib/systemd/systemd-jo  0.0  0.0
   2306    2233 /usr/libexec/sssd/sssd_be -  0.0  0.0
   3415       1 /usr/local/bin/vector        0.0  0.0
3549959 3549719 /opt/rapid7/ir_agent/compon  0.0  0.0
3549719    2207 /opt/rapid7/ir_agent/compon  0.0  0.1
   2334    2233 /usr/libexec/sssd/sssd_nss   0.0  0.0
3549723 3549719 /opt/rapid7/ir_agent/compon  0.0  0.0
   2206       1 /usr/bin/python3 -s /usr/sb  0.0  0.0
   2224       1 /usr/sbin/rsyslogd -n        0.0  0.0
 428851       1 /usr/libexec/sssd/sssd_kcm   0.0  0.0
   3576    3415 journalctl --follow --all -  0.0  0.0
   2997       1 /usr/bin/prometheus-node-ex  0.0  5.4
   2336    2233 /usr/libexec/sssd/sssd_ssh   0.0  0.0
      1       0 /usr/lib/systemd/systemd rh  0.0  0.0
   2352       1 /usr/sbin/NetworkManager --  0.0  0.0

=== Fri Mar  7 09:04:23 AM EST 2025 - Top Processes by Memory ===
    PID    PPID CMD                         %MEM %CPU
   6843    5478 /usr/lpp/mmfs/bin/mmfsd      0.9  8.2
 429116  428912 /ext3/miniconda3/bin/python  0.0 32.0
 428912  428891 /ext3/miniconda3/bin/python  0.0  3.2
 394288       1 /usr/sbin/dcgm-exporter      0.0  1.0
   3054       1 /usr/bin/python3 /usr/lpp/m  0.0  0.1
   1421       1 /usr/lib/systemd/systemd-jo  0.0  0.0
   2306    2233 /usr/libexec/sssd/sssd_be -  0.0  0.0
   3415       1 /usr/local/bin/vector        0.0  0.0
3549959 3549719 /opt/rapid7/ir_agent/compon  0.0  0.0
3549719    2207 /opt/rapid7/ir_agent/compon  0.0  0.1
   2334    2233 /usr/libexec/sssd/sssd_nss   0.0  0.0
3549723 3549719 /opt/rapid7/ir_agent/compon  0.0  0.0
   2206       1 /usr/bin/python3 -s /usr/sb  0.0  0.0
   2224       1 /usr/sbin/rsyslogd -n        0.0  0.0
 428851       1 /usr/libexec/sssd/sssd_kcm   0.0  0.0
   3576    3415 journalctl --follow --all -  0.0  0.0
   2997       1 /usr/bin/prometheus-node-ex  0.0  5.4
   2336    2233 /usr/libexec/sssd/sssd_ssh   0.0  0.0
      1       0 /usr/lib/systemd/systemd rh  0.0  0.0

=== Fri Mar  7 09:04:33 AM EST 2025 - Top Processes by Memory ===
    PID    PPID CMD                         %MEM %CPU
   6843    5478 /usr/lpp/mmfs/bin/mmfsd      0.9  8.2
 429116  428912 /ext3/miniconda3/bin/python  0.0 26.0
 428912  428891 /ext3/miniconda3/bin/python  0.0  2.5
 394288       1 /usr/sbin/dcgm-exporter      0.0  1.0
   3054       1 /usr/bin/python3 /usr/lpp/m  0.0  0.1
   1421       1 /usr/lib/systemd/systemd-jo  0.0  0.0
   2306    2233 /usr/libexec/sssd/sssd_be -  0.0  0.0
   3415       1 /usr/local/bin/vector        0.0  0.0
3549959 3549719 /opt/rapid7/ir_agent/compon  0.0  0.0
3549719    2207 /opt/rapid7/ir_agent/compon  0.0  0.1
   2334    2233 /usr/libexec/sssd/sssd_nss   0.0  0.0
3549723 3549719 /opt/rapid7/ir_agent/compon  0.0  0.0
   2206       1 /usr/bin/python3 -s /usr/sb  0.0  0.0
   2224       1 /usr/sbin/rsyslogd -n        0.0  0.0
 428851       1 /usr/libexec/sssd/sssd_kcm   0.0  0.0
   3576    3415 journalctl --follow --all -  0.0  0.0
   2997       1 /usr/bin/prometheus-node-ex  0.0  5.4
   2336    2233 /usr/libexec/sssd/sssd_ssh   0.0  0.0
      1       0 /usr/lib/systemd/systemd rh  0.0  0.0

=== Fri Mar  7 09:04:43 AM EST 2025 - Top Processes by Memory ===
    PID    PPID CMD                         %MEM %CPU
   6843    5478 /usr/lpp/mmfs/bin/mmfsd      0.9  8.2
 429116  428912 /ext3/miniconda3/bin/python  0.2 32.5
 428912  428891 /ext3/miniconda3/bin/python  0.0  2.1
 394288       1 /usr/sbin/dcgm-exporter      0.0  1.0
   3054       1 /usr/bin/python3 /usr/lpp/m  0.0  0.1
   1421       1 /usr/lib/systemd/systemd-jo  0.0  0.0
   2306    2233 /usr/libexec/sssd/sssd_be -  0.0  0.0
   3415       1 /usr/local/bin/vector        0.0  0.0
3549959 3549719 /opt/rapid7/ir_agent/compon  0.0  0.0
3549719    2207 /opt/rapid7/ir_agent/compon  0.0  0.1
   2334    2233 /usr/libexec/sssd/sssd_nss   0.0  0.0
3549723 3549719 /opt/rapid7/ir_agent/compon  0.0  0.0
   2206       1 /usr/bin/python3 -s /usr/sb  0.0  0.0
   2224       1 /usr/sbin/rsyslogd -n        0.0  0.0
 428851       1 /usr/libexec/sssd/sssd_kcm   0.0  0.0
   3576    3415 journalctl --follow --all -  0.0  0.0
   2997       1 /usr/bin/prometheus-node-ex  0.0  5.4
   2336    2233 /usr/libexec/sssd/sssd_ssh   0.0  0.0
      1       0 /usr/lib/systemd/systemd rh  0.0  0.0

=== Fri Mar  7 09:04:53 AM EST 2025 - Top Processes by Memory ===
    PID    PPID CMD                         %MEM %CPU
   6843    5478 /usr/lpp/mmfs/bin/mmfsd      0.9  8.2
 429116  428912 /ext3/miniconda3/bin/python  0.4 43.5
 428912  428891 /ext3/miniconda3/bin/python  0.0  1.8
 394288       1 /usr/sbin/dcgm-exporter      0.0  1.0
   3054       1 /usr/bin/python3 /usr/lpp/m  0.0  0.1
   1421       1 /usr/lib/systemd/systemd-jo  0.0  0.0
   2306    2233 /usr/libexec/sssd/sssd_be -  0.0  0.0
   3415       1 /usr/local/bin/vector        0.0  0.0
3549959 3549719 /opt/rapid7/ir_agent/compon  0.0  0.0
3549719    2207 /opt/rapid7/ir_agent/compon  0.0  0.1
   2334    2233 /usr/libexec/sssd/sssd_nss   0.0  0.0
3549723 3549719 /opt/rapid7/ir_agent/compon  0.0  0.0
   2206       1 /usr/bin/python3 -s /usr/sb  0.0  0.0
   2224       1 /usr/sbin/rsyslogd -n        0.0  0.0
 428851       1 /usr/libexec/sssd/sssd_kcm   0.0  0.0
   3576    3415 journalctl --follow --all -  0.0  0.0
   2997       1 /usr/bin/prometheus-node-ex  0.0  5.4
   2336    2233 /usr/libexec/sssd/sssd_ssh   0.0  0.0
      1       0 /usr/lib/systemd/systemd rh  0.0  0.0

=== Fri Mar  7 09:05:03 AM EST 2025 - Top Processes by Memory ===
    PID    PPID CMD                         %MEM %CPU
   6843    5478 /usr/lpp/mmfs/bin/mmfsd      0.9  8.2
 429116  428912 /ext3/miniconda3/bin/python  0.2 51.3
 428912  428891 /ext3/miniconda3/bin/python  0.0  1.6
 394288       1 /usr/sbin/dcgm-exporter      0.0  1.0
   3054       1 /usr/bin/python3 /usr/lpp/m  0.0  0.1
   1421       1 /usr/lib/systemd/systemd-jo  0.0  0.0
   2306    2233 /usr/libexec/sssd/sssd_be -  0.0  0.0
   3415       1 /usr/local/bin/vector        0.0  0.0
3549959 3549719 /opt/rapid7/ir_agent/compon  0.0  0.0
3549719    2207 /opt/rapid7/ir_agent/compon  0.0  0.1
   2334    2233 /usr/libexec/sssd/sssd_nss   0.0  0.0
3549723 3549719 /opt/rapid7/ir_agent/compon  0.0  0.0
   2206       1 /usr/bin/python3 -s /usr/sb  0.0  0.0
   2224       1 /usr/sbin/rsyslogd -n        0.0  0.0
 428851       1 /usr/libexec/sssd/sssd_kcm   0.0  0.0
   3576    3415 journalctl --follow --all -  0.0  0.0
   2997       1 /usr/bin/prometheus-node-ex  0.0  5.4
   2336    2233 /usr/libexec/sssd/sssd_ssh   0.0  0.0
      1       0 /usr/lib/systemd/systemd rh  0.0  0.0

=== Fri Mar  7 09:05:13 AM EST 2025 - Top Processes by Memory ===
    PID    PPID CMD                         %MEM %CPU
   6843    5478 /usr/lpp/mmfs/bin/mmfsd      0.9  8.2
 429116  428912 /ext3/miniconda3/bin/python  0.0 48.8
 428912  428891 /ext3/miniconda3/bin/python  0.0  1.4
 394288       1 /usr/sbin/dcgm-exporter      0.0  1.0
   3054       1 /usr/bin/python3 /usr/lpp/m  0.0  0.1
   1421       1 /usr/lib/systemd/systemd-jo  0.0  0.0
 429245  429116 wandb-service(2-429116-s-47  0.0 11.6
   2306    2233 /usr/libexec/sssd/sssd_be -  0.0  0.0
   3415       1 /usr/local/bin/vector        0.0  0.0
 429276  429245 /ext3/miniconda3/bin/python  0.0 17.4
3549959 3549719 /opt/rapid7/ir_agent/compon  0.0  0.0
3549719    2207 /opt/rapid7/ir_agent/compon  0.0  0.1
   2334    2233 /usr/libexec/sssd/sssd_nss   0.0  0.0
3549723 3549719 /opt/rapid7/ir_agent/compon  0.0  0.0
   2206       1 /usr/bin/python3 -s /usr/sb  0.0  0.0
   2224       1 /usr/sbin/rsyslogd -n        0.0  0.0
 428851       1 /usr/libexec/sssd/sssd_kcm   0.0  0.0
   3576    3415 journalctl --follow --all -  0.0  0.0
   2997       1 /usr/bin/prometheus-node-ex  0.0  5.4

=== Fri Mar  7 09:05:23 AM EST 2025 - Top Processes by Memory ===
    PID    PPID CMD                         %MEM %CPU
   6843    5478 /usr/lpp/mmfs/bin/mmfsd      0.9  8.2
 429116  428912 /ext3/miniconda3/bin/python  0.3 47.4
 428912  428891 /ext3/miniconda3/bin/python  0.0  1.3
 394288       1 /usr/sbin/dcgm-exporter      0.0  1.0
   3054       1 /usr/bin/python3 /usr/lpp/m  0.0  0.1
   1421       1 /usr/lib/systemd/systemd-jo  0.0  0.0
 429245  429116 wandb-service(2-429116-s-47  0.0  6.1
   2306    2233 /usr/libexec/sssd/sssd_be -  0.0  0.0
   3415       1 /usr/local/bin/vector        0.0  0.0
3549959 3549719 /opt/rapid7/ir_agent/compon  0.0  0.0
3549719    2207 /opt/rapid7/ir_agent/compon  0.0  0.1
   2334    2233 /usr/libexec/sssd/sssd_nss   0.0  0.0
3549723 3549719 /opt/rapid7/ir_agent/compon  0.0  0.0
   2206       1 /usr/bin/python3 -s /usr/sb  0.0  0.0
   2224       1 /usr/sbin/rsyslogd -n        0.0  0.0
 428851       1 /usr/libexec/sssd/sssd_kcm   0.0  0.0
   3576    3415 journalctl --follow --all -  0.0  0.0
   2997       1 /usr/bin/prometheus-node-ex  0.0  5.4
   2336    2233 /usr/libexec/sssd/sssd_ssh   0.0  0.0

=== Fri Mar  7 09:05:34 AM EST 2025 - Top Processes by Memory ===
    PID    PPID CMD                         %MEM %CPU
   6843    5478 /usr/lpp/mmfs/bin/mmfsd      0.9  8.2
 429116  428912 /ext3/miniconda3/bin/python  0.0 50.4
 428912  428891 /ext3/miniconda3/bin/python  0.0  1.2
 394288       1 /usr/sbin/dcgm-exporter      0.0  1.0
   3054       1 /usr/bin/python3 /usr/lpp/m  0.0  0.1
   1421       1 /usr/lib/systemd/systemd-jo  0.0  0.0
 429245  429116 wandb-service(2-429116-s-47  0.0  4.2
   2306    2233 /usr/libexec/sssd/sssd_be -  0.0  0.0
   3415       1 /usr/local/bin/vector        0.0  0.0
3549959 3549719 /opt/rapid7/ir_agent/compon  0.0  0.0
3549719    2207 /opt/rapid7/ir_agent/compon  0.0  0.1
   2334    2233 /usr/libexec/sssd/sssd_nss   0.0  0.0
3549723 3549719 /opt/rapid7/ir_agent/compon  0.0  0.0
   2206       1 /usr/bin/python3 -s /usr/sb  0.0  0.0
   2224       1 /usr/sbin/rsyslogd -n        0.0  0.0
 428851       1 /usr/libexec/sssd/sssd_kcm   0.0  0.0
   3576    3415 journalctl --follow --all -  0.0  0.0
   2997       1 /usr/bin/prometheus-node-ex  0.0  5.4
   2336    2233 /usr/libexec/sssd/sssd_ssh   0.0  0.0

=== Fri Mar  7 09:05:44 AM EST 2025 - Top Processes by Memory ===
    PID    PPID CMD                         %MEM %CPU
   6843    5478 /usr/lpp/mmfs/bin/mmfsd      0.9  8.2
 429116  428912 /ext3/miniconda3/bin/python  0.3 51.4
 428912  428891 /ext3/miniconda3/bin/python  0.0  1.0
 394288       1 /usr/sbin/dcgm-exporter      0.0  1.0
   3054       1 /usr/bin/python3 /usr/lpp/m  0.0  0.1
   1421       1 /usr/lib/systemd/systemd-jo  0.0  0.0
 429245  429116 wandb-service(2-429116-s-47  0.0  4.1
   2306    2233 /usr/libexec/sssd/sssd_be -  0.0  0.0
   3415       1 /usr/local/bin/vector        0.0  0.0
3549959 3549719 /opt/rapid7/ir_agent/compon  0.0  0.0
3549719    2207 /opt/rapid7/ir_agent/compon  0.0  0.1
   2334    2233 /usr/libexec/sssd/sssd_nss   0.0  0.0
3549723 3549719 /opt/rapid7/ir_agent/compon  0.0  0.0
   2206       1 /usr/bin/python3 -s /usr/sb  0.0  0.0
   2224       1 /usr/sbin/rsyslogd -n        0.0  0.0
 428851       1 /usr/libexec/sssd/sssd_kcm   0.0  0.0
   3576    3415 journalctl --follow --all -  0.0  0.0
   2997       1 /usr/bin/prometheus-node-ex  0.0  5.4
   2336    2233 /usr/libexec/sssd/sssd_ssh   0.0  0.0

=== Fri Mar  7 09:05:54 AM EST 2025 - Top Processes by Memory ===
    PID    PPID CMD                         %MEM %CPU
   6843    5478 /usr/lpp/mmfs/bin/mmfsd      0.9  8.2
 429116  428912 /ext3/miniconda3/bin/python  0.1 52.4
 428912  428891 /ext3/miniconda3/bin/python  0.0  1.0
 394288       1 /usr/sbin/dcgm-exporter      0.0  1.0
   3054       1 /usr/bin/python3 /usr/lpp/m  0.0  0.1
   1421       1 /usr/lib/systemd/systemd-jo  0.0  0.0
 429245  429116 wandb-service(2-429116-s-47  0.0  3.5
   2306    2233 /usr/libexec/sssd/sssd_be -  0.0  0.0
   3415       1 /usr/local/bin/vector        0.0  0.0
3549959 3549719 /opt/rapid7/ir_agent/compon  0.0  0.0
3549719    2207 /opt/rapid7/ir_agent/compon  0.0  0.1
   2334    2233 /usr/libexec/sssd/sssd_nss   0.0  0.0
3549723 3549719 /opt/rapid7/ir_agent/compon  0.0  0.0
   2206       1 /usr/bin/python3 -s /usr/sb  0.0  0.0
   2224       1 /usr/sbin/rsyslogd -n        0.0  0.0
 428851       1 /usr/libexec/sssd/sssd_kcm   0.0  0.0
   3576    3415 journalctl --follow --all -  0.0  0.0
   2997       1 /usr/bin/prometheus-node-ex  0.0  5.4
   2336    2233 /usr/libexec/sssd/sssd_ssh   0.0  0.0

=== Fri Mar  7 09:06:04 AM EST 2025 - Top Processes by Memory ===
    PID    PPID CMD                         %MEM %CPU
   6843    5478 /usr/lpp/mmfs/bin/mmfsd      0.9  8.2
 429116  428912 /ext3/miniconda3/bin/python  0.4 54.1
 428912  428891 /ext3/miniconda3/bin/python  0.0  0.9
 394288       1 /usr/sbin/dcgm-exporter      0.0  1.0
   3054       1 /usr/bin/python3 /usr/lpp/m  0.0  0.1
   1421       1 /usr/lib/systemd/systemd-jo  0.0  0.0
 429245  429116 wandb-service(2-429116-s-47  0.0  3.1
   2306    2233 /usr/libexec/sssd/sssd_be -  0.0  0.0
   3415       1 /usr/local/bin/vector        0.0  0.0
3549959 3549719 /opt/rapid7/ir_agent/compon  0.0  0.0
3549719    2207 /opt/rapid7/ir_agent/compon  0.0  0.1
   2334    2233 /usr/libexec/sssd/sssd_nss   0.0  0.0
3549723 3549719 /opt/rapid7/ir_agent/compon  0.0  0.0
   2206       1 /usr/bin/python3 -s /usr/sb  0.0  0.0
   2224       1 /usr/sbin/rsyslogd -n        0.0  0.0
 428851       1 /usr/libexec/sssd/sssd_kcm   0.0  0.0
   3576    3415 journalctl --follow --all -  0.0  0.0
   2997       1 /usr/bin/prometheus-node-ex  0.0  5.4
   2336    2233 /usr/libexec/sssd/sssd_ssh   0.0  0.0

=== Fri Mar  7 09:06:14 AM EST 2025 - Top Processes by Memory ===
    PID    PPID CMD                         %MEM %CPU
   6843    5478 /usr/lpp/mmfs/bin/mmfsd      0.9  8.2
 429116  428912 /ext3/miniconda3/bin/python  0.2 54.3
 428912  428891 /ext3/miniconda3/bin/python  0.0  0.9
 394288       1 /usr/sbin/dcgm-exporter      0.0  1.0
   3054       1 /usr/bin/python3 /usr/lpp/m  0.0  0.1
   1421       1 /usr/lib/systemd/systemd-jo  0.0  0.0
 429245  429116 wandb-service(2-429116-s-47  0.0  3.2
   2306    2233 /usr/libexec/sssd/sssd_be -  0.0  0.0
   3415       1 /usr/local/bin/vector        0.0  0.0
3549959 3549719 /opt/rapid7/ir_agent/compon  0.0  0.0
3549719    2207 /opt/rapid7/ir_agent/compon  0.0  0.1
   2334    2233 /usr/libexec/sssd/sssd_nss   0.0  0.0
3549723 3549719 /opt/rapid7/ir_agent/compon  0.0  0.0
   2206       1 /usr/bin/python3 -s /usr/sb  0.0  0.0
   2224       1 /usr/sbin/rsyslogd -n        0.0  0.0
 428851       1 /usr/libexec/sssd/sssd_kcm   0.0  0.0
   3576    3415 journalctl --follow --all -  0.0  0.0
   2997       1 /usr/bin/prometheus-node-ex  0.0  5.4
   2336    2233 /usr/libexec/sssd/sssd_ssh   0.0  0.0

=== Fri Mar  7 09:06:24 AM EST 2025 - Top Processes by Memory ===
    PID    PPID CMD                         %MEM %CPU
   6843    5478 /usr/lpp/mmfs/bin/mmfsd      0.9  8.2
 429116  428912 /ext3/miniconda3/bin/python  0.3 54.6
 428912  428891 /ext3/miniconda3/bin/python  0.0  0.8
 394288       1 /usr/sbin/dcgm-exporter      0.0  1.0
   3054       1 /usr/bin/python3 /usr/lpp/m  0.0  0.1
   1421       1 /usr/lib/systemd/systemd-jo  0.0  0.0
 429245  429116 wandb-service(2-429116-s-47  0.0  3.0
   2306    2233 /usr/libexec/sssd/sssd_be -  0.0  0.0
   3415       1 /usr/local/bin/vector        0.0  0.0
3549959 3549719 /opt/rapid7/ir_agent/compon  0.0  0.0
3549719    2207 /opt/rapid7/ir_agent/compon  0.0  0.1
   2334    2233 /usr/libexec/sssd/sssd_nss   0.0  0.0
3549723 3549719 /opt/rapid7/ir_agent/compon  0.0  0.0
   2206       1 /usr/bin/python3 -s /usr/sb  0.0  0.0
   2224       1 /usr/sbin/rsyslogd -n        0.0  0.0
 428851       1 /usr/libexec/sssd/sssd_kcm   0.0  0.0
   3576    3415 journalctl --follow --all -  0.0  0.0
   2997       1 /usr/bin/prometheus-node-ex  0.0  5.4
   2336    2233 /usr/libexec/sssd/sssd_ssh   0.0  0.0

=== Fri Mar  7 09:06:34 AM EST 2025 - Top Processes by Memory ===
    PID    PPID CMD                         %MEM %CPU
   6843    5478 /usr/lpp/mmfs/bin/mmfsd      0.9  8.2
 429116  428912 /ext3/miniconda3/bin/python  0.2 55.0
 428912  428891 /ext3/miniconda3/bin/python  0.0  0.8
 394288       1 /usr/sbin/dcgm-exporter      0.0  1.0
   3054       1 /usr/bin/python3 /usr/lpp/m  0.0  0.1
   1421       1 /usr/lib/systemd/systemd-jo  0.0  0.0
 429245  429116 wandb-service(2-429116-s-47  0.0  2.8
   2306    2233 /usr/libexec/sssd/sssd_be -  0.0  0.0
   3415       1 /usr/local/bin/vector        0.0  0.0
3549959 3549719 /opt/rapid7/ir_agent/compon  0.0  0.0
3549719    2207 /opt/rapid7/ir_agent/compon  0.0  0.1
   2334    2233 /usr/libexec/sssd/sssd_nss   0.0  0.0
3549723 3549719 /opt/rapid7/ir_agent/compon  0.0  0.0
   2206       1 /usr/bin/python3 -s /usr/sb  0.0  0.0
   2224       1 /usr/sbin/rsyslogd -n        0.0  0.0
 428851       1 /usr/libexec/sssd/sssd_kcm   0.0  0.0
   3576    3415 journalctl --follow --all -  0.0  0.0
   2997       1 /usr/bin/prometheus-node-ex  0.0  5.4
   2336    2233 /usr/libexec/sssd/sssd_ssh   0.0  0.0

=== Fri Mar  7 09:06:44 AM EST 2025 - Top Processes by Memory ===
    PID    PPID CMD                         %MEM %CPU
   6843    5478 /usr/lpp/mmfs/bin/mmfsd      0.9  8.2
 429116  428912 /ext3/miniconda3/bin/python  0.1 55.6
 428912  428891 /ext3/miniconda3/bin/python  0.0  0.7
 394288       1 /usr/sbin/dcgm-exporter      0.0  1.0
   3054       1 /usr/bin/python3 /usr/lpp/m  0.0  0.1
   1421       1 /usr/lib/systemd/systemd-jo  0.0  0.0
 429245  429116 wandb-service(2-429116-s-47  0.0  2.9
   2306    2233 /usr/libexec/sssd/sssd_be -  0.0  0.0
   3415       1 /usr/local/bin/vector        0.0  0.0
3549959 3549719 /opt/rapid7/ir_agent/compon  0.0  0.0
3549719    2207 /opt/rapid7/ir_agent/compon  0.0  0.1
   2334    2233 /usr/libexec/sssd/sssd_nss   0.0  0.0
3549723 3549719 /opt/rapid7/ir_agent/compon  0.0  0.0
   2206       1 /usr/bin/python3 -s /usr/sb  0.0  0.0
   2224       1 /usr/sbin/rsyslogd -n        0.0  0.0
 428851       1 /usr/libexec/sssd/sssd_kcm   0.0  0.0
   3576    3415 journalctl --follow --all -  0.0  0.0
   2997       1 /usr/bin/prometheus-node-ex  0.0  5.4
   2336    2233 /usr/libexec/sssd/sssd_ssh   0.0  0.0

=== Fri Mar  7 09:06:54 AM EST 2025 - Top Processes by Memory ===
    PID    PPID CMD                         %MEM %CPU
   6843    5478 /usr/lpp/mmfs/bin/mmfsd      0.9  8.2
 429116  428912 /ext3/miniconda3/bin/python  0.3 55.9
 428912  428891 /ext3/miniconda3/bin/python  0.0  0.7
 394288       1 /usr/sbin/dcgm-exporter      0.0  1.0
   3054       1 /usr/bin/python3 /usr/lpp/m  0.0  0.1
   1421       1 /usr/lib/systemd/systemd-jo  0.0  0.0
 429245  429116 wandb-service(2-429116-s-47  0.0  2.8
   2306    2233 /usr/libexec/sssd/sssd_be -  0.0  0.0
   3415       1 /usr/local/bin/vector        0.0  0.0
3549959 3549719 /opt/rapid7/ir_agent/compon  0.0  0.0
3549719    2207 /opt/rapid7/ir_agent/compon  0.0  0.1
   2334    2233 /usr/libexec/sssd/sssd_nss   0.0  0.0
3549723 3549719 /opt/rapid7/ir_agent/compon  0.0  0.0
   2206       1 /usr/bin/python3 -s /usr/sb  0.0  0.0
   2224       1 /usr/sbin/rsyslogd -n        0.0  0.0
 428851       1 /usr/libexec/sssd/sssd_kcm   0.0  0.0
   3576    3415 journalctl --follow --all -  0.0  0.0
   2997       1 /usr/bin/prometheus-node-ex  0.0  5.4
   2336    2233 /usr/libexec/sssd/sssd_ssh   0.0  0.0

=== Fri Mar  7 09:07:04 AM EST 2025 - Top Processes by Memory ===
    PID    PPID CMD                         %MEM %CPU
   6843    5478 /usr/lpp/mmfs/bin/mmfsd      0.9  8.2
 429116  428912 /ext3/miniconda3/bin/python  0.2 56.2
 428912  428891 /ext3/miniconda3/bin/python  0.0  0.6
 394288       1 /usr/sbin/dcgm-exporter      0.0  1.0
   3054       1 /usr/bin/python3 /usr/lpp/m  0.0  0.1
   1421       1 /usr/lib/systemd/systemd-jo  0.0  0.0
 429245  429116 wandb-service(2-429116-s-47  0.0  2.7
   2306    2233 /usr/libexec/sssd/sssd_be -  0.0  0.0
   3415       1 /usr/local/bin/vector        0.0  0.0
3549959 3549719 /opt/rapid7/ir_agent/compon  0.0  0.0
3549719    2207 /opt/rapid7/ir_agent/compon  0.0  0.1
   2334    2233 /usr/libexec/sssd/sssd_nss   0.0  0.0
3549723 3549719 /opt/rapid7/ir_agent/compon  0.0  0.0
   2206       1 /usr/bin/python3 -s /usr/sb  0.0  0.0
   2224       1 /usr/sbin/rsyslogd -n        0.0  0.0
 428851       1 /usr/libexec/sssd/sssd_kcm   0.0  0.0
   3576    3415 journalctl --follow --all -  0.0  0.0
   2997       1 /usr/bin/prometheus-node-ex  0.0  5.4
   2336    2233 /usr/libexec/sssd/sssd_ssh   0.0  0.0

=== Fri Mar  7 09:07:14 AM EST 2025 - Top Processes by Memory ===
    PID    PPID CMD                         %MEM %CPU
   6843    5478 /usr/lpp/mmfs/bin/mmfsd      0.9  8.2
 429116  428912 /ext3/miniconda3/bin/python  0.0 56.7
 428912  428891 /ext3/miniconda3/bin/python  0.0  0.6
 394288       1 /usr/sbin/dcgm-exporter      0.0  1.0
   3054       1 /usr/bin/python3 /usr/lpp/m  0.0  0.1
   1421       1 /usr/lib/systemd/systemd-jo  0.0  0.0
 429245  429116 wandb-service(2-429116-s-47  0.0  2.8
   2306    2233 /usr/libexec/sssd/sssd_be -  0.0  0.0
   3415       1 /usr/local/bin/vector        0.0  0.0
3549959 3549719 /opt/rapid7/ir_agent/compon  0.0  0.0
3549719    2207 /opt/rapid7/ir_agent/compon  0.0  0.1
   2334    2233 /usr/libexec/sssd/sssd_nss   0.0  0.0
3549723 3549719 /opt/rapid7/ir_agent/compon  0.0  0.0
   2206       1 /usr/bin/python3 -s /usr/sb  0.0  0.0
   2224       1 /usr/sbin/rsyslogd -n        0.0  0.0
 428851       1 /usr/libexec/sssd/sssd_kcm   0.0  0.0
   3576    3415 journalctl --follow --all -  0.0  0.0
   2997       1 /usr/bin/prometheus-node-ex  0.0  5.4
   2336    2233 /usr/libexec/sssd/sssd_ssh   0.0  0.0

=== Fri Mar  7 09:07:24 AM EST 2025 - Top Processes by Memory ===
    PID    PPID CMD                         %MEM %CPU
   6843    5478 /usr/lpp/mmfs/bin/mmfsd      0.9  8.2
 429116  428912 /ext3/miniconda3/bin/python  0.2 56.9
 428912  428891 /ext3/miniconda3/bin/python  0.0  0.6
 394288       1 /usr/sbin/dcgm-exporter      0.0  1.0
   3054       1 /usr/bin/python3 /usr/lpp/m  0.0  0.1
   1421       1 /usr/lib/systemd/systemd-jo  0.0  0.0
 429245  429116 wandb-service(2-429116-s-47  0.0  2.7
   2306    2233 /usr/libexec/sssd/sssd_be -  0.0  0.0
   3415       1 /usr/local/bin/vector        0.0  0.0
3549959 3549719 /opt/rapid7/ir_agent/compon  0.0  0.0
3549719    2207 /opt/rapid7/ir_agent/compon  0.0  0.1
   2334    2233 /usr/libexec/sssd/sssd_nss   0.0  0.0
3549723 3549719 /opt/rapid7/ir_agent/compon  0.0  0.0
   2206       1 /usr/bin/python3 -s /usr/sb  0.0  0.0
   2224       1 /usr/sbin/rsyslogd -n        0.0  0.0
 428851       1 /usr/libexec/sssd/sssd_kcm   0.0  0.0
   3576    3415 journalctl --follow --all -  0.0  0.0
   2997       1 /usr/bin/prometheus-node-ex  0.0  5.4
   2336    2233 /usr/libexec/sssd/sssd_ssh   0.0  0.0

=== Fri Mar  7 09:07:34 AM EST 2025 - Top Processes by Memory ===
    PID    PPID CMD                         %MEM %CPU
   6843    5478 /usr/lpp/mmfs/bin/mmfsd      0.9  8.2
 429116  428912 /ext3/miniconda3/bin/python  0.1 57.5
 428912  428891 /ext3/miniconda3/bin/python  0.0  0.6
 394288       1 /usr/sbin/dcgm-exporter      0.0  1.0
   3054       1 /usr/bin/python3 /usr/lpp/m  0.0  0.1
   1421       1 /usr/lib/systemd/systemd-jo  0.0  0.0
 429245  429116 wandb-service(2-429116-s-47  0.0  2.6
   2306    2233 /usr/libexec/sssd/sssd_be -  0.0  0.0
   3415       1 /usr/local/bin/vector        0.0  0.0
3549959 3549719 /opt/rapid7/ir_agent/compon  0.0  0.0
3549719    2207 /opt/rapid7/ir_agent/compon  0.0  0.1
   2334    2233 /usr/libexec/sssd/sssd_nss   0.0  0.0
3549723 3549719 /opt/rapid7/ir_agent/compon  0.0  0.0
   2206       1 /usr/bin/python3 -s /usr/sb  0.0  0.0
   2224       1 /usr/sbin/rsyslogd -n        0.0  0.0
 428851       1 /usr/libexec/sssd/sssd_kcm   0.0  0.0
   3576    3415 journalctl --follow --all -  0.0  0.0
   2997       1 /usr/bin/prometheus-node-ex  0.0  5.4
   2336    2233 /usr/libexec/sssd/sssd_ssh   0.0  0.0

=== Fri Mar  7 09:07:44 AM EST 2025 - Top Processes by Memory ===
    PID    PPID CMD                         %MEM %CPU
   6843    5478 /usr/lpp/mmfs/bin/mmfsd      0.9  8.2
 429116  428912 /ext3/miniconda3/bin/python  0.3 58.1
 428912  428891 /ext3/miniconda3/bin/python  0.0  0.5
 394288       1 /usr/sbin/dcgm-exporter      0.0  1.0
   3054       1 /usr/bin/python3 /usr/lpp/m  0.0  0.1
   1421       1 /usr/lib/systemd/systemd-jo  0.0  0.0
 429245  429116 wandb-service(2-429116-s-47  0.0  2.7
   2306    2233 /usr/libexec/sssd/sssd_be -  0.0  0.0
   3415       1 /usr/local/bin/vector        0.0  0.0
3549959 3549719 /opt/rapid7/ir_agent/compon  0.0  0.0
3549719    2207 /opt/rapid7/ir_agent/compon  0.0  0.1
   2334    2233 /usr/libexec/sssd/sssd_nss   0.0  0.0
3549723 3549719 /opt/rapid7/ir_agent/compon  0.0  0.0
   2206       1 /usr/bin/python3 -s /usr/sb  0.0  0.0
   2224       1 /usr/sbin/rsyslogd -n        0.0  0.0
 428851       1 /usr/libexec/sssd/sssd_kcm   0.0  0.0
   3576    3415 journalctl --follow --all -  0.0  0.0
   2997       1 /usr/bin/prometheus-node-ex  0.0  5.4
   2336    2233 /usr/libexec/sssd/sssd_ssh   0.0  0.0

=== Fri Mar  7 09:07:54 AM EST 2025 - Top Processes by Memory ===
    PID    PPID CMD                         %MEM %CPU
   6843    5478 /usr/lpp/mmfs/bin/mmfsd      0.9  8.2
 429116  428912 /ext3/miniconda3/bin/python  0.2 58.7
 428912  428891 /ext3/miniconda3/bin/python  0.0  0.5
 394288       1 /usr/sbin/dcgm-exporter      0.0  1.0
   3054       1 /usr/bin/python3 /usr/lpp/m  0.0  0.1
   1421       1 /usr/lib/systemd/systemd-jo  0.0  0.0
 429245  429116 wandb-service(2-429116-s-47  0.0  2.6
   2306    2233 /usr/libexec/sssd/sssd_be -  0.0  0.0
   3415       1 /usr/local/bin/vector        0.0  0.0
3549959 3549719 /opt/rapid7/ir_agent/compon  0.0  0.0
3549719    2207 /opt/rapid7/ir_agent/compon  0.0  0.1
   2334    2233 /usr/libexec/sssd/sssd_nss   0.0  0.0
3549723 3549719 /opt/rapid7/ir_agent/compon  0.0  0.0
   2206       1 /usr/bin/python3 -s /usr/sb  0.0  0.0
   2224       1 /usr/sbin/rsyslogd -n        0.0  0.0
 428851       1 /usr/libexec/sssd/sssd_kcm   0.0  0.0
   3576    3415 journalctl --follow --all -  0.0  0.0
   2997       1 /usr/bin/prometheus-node-ex  0.0  5.4
   2336    2233 /usr/libexec/sssd/sssd_ssh   0.0  0.0

=== Fri Mar  7 09:08:04 AM EST 2025 - Top Processes by Memory ===
    PID    PPID CMD                         %MEM %CPU
   6843    5478 /usr/lpp/mmfs/bin/mmfsd      0.9  8.2
 429116  428912 /ext3/miniconda3/bin/python  0.1 58.9
 428912  428891 /ext3/miniconda3/bin/python  0.0  0.5
 394288       1 /usr/sbin/dcgm-exporter      0.0  1.0
   3054       1 /usr/bin/python3 /usr/lpp/m  0.0  0.1
   1421       1 /usr/lib/systemd/systemd-jo  0.0  0.0
 429245  429116 wandb-service(2-429116-s-47  0.0  2.5
   2306    2233 /usr/libexec/sssd/sssd_be -  0.0  0.0
   3415       1 /usr/local/bin/vector        0.0  0.0
3549959 3549719 /opt/rapid7/ir_agent/compon  0.0  0.0
3549719    2207 /opt/rapid7/ir_agent/compon  0.0  0.1
   2334    2233 /usr/libexec/sssd/sssd_nss   0.0  0.0
3549723 3549719 /opt/rapid7/ir_agent/compon  0.0  0.0
   2206       1 /usr/bin/python3 -s /usr/sb  0.0  0.0
   2224       1 /usr/sbin/rsyslogd -n        0.0  0.0
 428851       1 /usr/libexec/sssd/sssd_kcm   0.0  0.0
   3576    3415 journalctl --follow --all -  0.0  0.0
   2997       1 /usr/bin/prometheus-node-ex  0.0  5.4
   2336    2233 /usr/libexec/sssd/sssd_ssh   0.0  0.0

=== Fri Mar  7 09:08:14 AM EST 2025 - Top Processes by Memory ===
    PID    PPID CMD                         %MEM %CPU
   6843    5478 /usr/lpp/mmfs/bin/mmfsd      0.9  8.2
 429116  428912 /ext3/miniconda3/bin/python  0.3 59.2
 428912  428891 /ext3/miniconda3/bin/python  0.0  0.5
 394288       1 /usr/sbin/dcgm-exporter      0.0  1.0
   3054       1 /usr/bin/python3 /usr/lpp/m  0.0  0.1
   1421       1 /usr/lib/systemd/systemd-jo  0.0  0.0
 429245  429116 wandb-service(2-429116-s-47  0.0  2.6
   2306    2233 /usr/libexec/sssd/sssd_be -  0.0  0.0
   3415       1 /usr/local/bin/vector        0.0  0.0
3549959 3549719 /opt/rapid7/ir_agent/compon  0.0  0.0
3549719    2207 /opt/rapid7/ir_agent/compon  0.0  0.1
   2334    2233 /usr/libexec/sssd/sssd_nss   0.0  0.0
3549723 3549719 /opt/rapid7/ir_agent/compon  0.0  0.0
   2206       1 /usr/bin/python3 -s /usr/sb  0.0  0.0
   2224       1 /usr/sbin/rsyslogd -n        0.0  0.0
 428851       1 /usr/libexec/sssd/sssd_kcm   0.0  0.0
   3576    3415 journalctl --follow --all -  0.0  0.0
   2997       1 /usr/bin/prometheus-node-ex  0.0  5.4
   2336    2233 /usr/libexec/sssd/sssd_ssh   0.0  0.0

=== Fri Mar  7 09:08:24 AM EST 2025 - Top Processes by Memory ===
    PID    PPID CMD                         %MEM %CPU
   6843    5478 /usr/lpp/mmfs/bin/mmfsd      0.9  8.2
 429116  428912 /ext3/miniconda3/bin/python  0.2 59.1
 428912  428891 /ext3/miniconda3/bin/python  0.0  0.5
 394288       1 /usr/sbin/dcgm-exporter      0.0  1.0
   3054       1 /usr/bin/python3 /usr/lpp/m  0.0  0.1
   1421       1 /usr/lib/systemd/systemd-jo  0.0  0.0
 429245  429116 wandb-service(2-429116-s-47  0.0  2.5
   2306    2233 /usr/libexec/sssd/sssd_be -  0.0  0.0
   3415       1 /usr/local/bin/vector        0.0  0.0
3549959 3549719 /opt/rapid7/ir_agent/compon  0.0  0.0
3549719    2207 /opt/rapid7/ir_agent/compon  0.0  0.1
   2334    2233 /usr/libexec/sssd/sssd_nss   0.0  0.0
3549723 3549719 /opt/rapid7/ir_agent/compon  0.0  0.0
   2206       1 /usr/bin/python3 -s /usr/sb  0.0  0.0
   2224       1 /usr/sbin/rsyslogd -n        0.0  0.0
 428851       1 /usr/libexec/sssd/sssd_kcm   0.0  0.0
   3576    3415 journalctl --follow --all -  0.0  0.0
   2997       1 /usr/bin/prometheus-node-ex  0.0  5.4
   2336    2233 /usr/libexec/sssd/sssd_ssh   0.0  0.0

=== Fri Mar  7 09:08:34 AM EST 2025 - Top Processes by Memory ===
    PID    PPID CMD                         %MEM %CPU
   6843    5478 /usr/lpp/mmfs/bin/mmfsd      0.9  8.2
 429116  428912 /ext3/miniconda3/bin/python  0.1 59.2
 428912  428891 /ext3/miniconda3/bin/python  0.0  0.5
 394288       1 /usr/sbin/dcgm-exporter      0.0  1.0
   3054       1 /usr/bin/python3 /usr/lpp/m  0.0  0.1
   1421       1 /usr/lib/systemd/systemd-jo  0.0  0.0
 429245  429116 wandb-service(2-429116-s-47  0.0  2.5
   2306    2233 /usr/libexec/sssd/sssd_be -  0.0  0.0
   3415       1 /usr/local/bin/vector        0.0  0.0
3549959 3549719 /opt/rapid7/ir_agent/compon  0.0  0.0
3549719    2207 /opt/rapid7/ir_agent/compon  0.0  0.1
   2334    2233 /usr/libexec/sssd/sssd_nss   0.0  0.0
3549723 3549719 /opt/rapid7/ir_agent/compon  0.0  0.0
   2206       1 /usr/bin/python3 -s /usr/sb  0.0  0.0
   2224       1 /usr/sbin/rsyslogd -n        0.0  0.0
 428851       1 /usr/libexec/sssd/sssd_kcm   0.0  0.0
   3576    3415 journalctl --follow --all -  0.0  0.0
   2997       1 /usr/bin/prometheus-node-ex  0.0  5.4
   2336    2233 /usr/libexec/sssd/sssd_ssh   0.0  0.0

=== Fri Mar  7 09:08:44 AM EST 2025 - Top Processes by Memory ===
    PID    PPID CMD                         %MEM %CPU
   6843    5478 /usr/lpp/mmfs/bin/mmfsd      0.9  8.2
 429116  428912 /ext3/miniconda3/bin/python  0.3 59.5
 428912  428891 /ext3/miniconda3/bin/python  0.0  0.4
 394288       1 /usr/sbin/dcgm-exporter      0.0  1.0
   3054       1 /usr/bin/python3 /usr/lpp/m  0.0  0.1
   1421       1 /usr/lib/systemd/systemd-jo  0.0  0.0
 429245  429116 wandb-service(2-429116-s-47  0.0  2.5
   2306    2233 /usr/libexec/sssd/sssd_be -  0.0  0.0
   3415       1 /usr/local/bin/vector        0.0  0.0
3549959 3549719 /opt/rapid7/ir_agent/compon  0.0  0.0
3549719    2207 /opt/rapid7/ir_agent/compon  0.0  0.1
   2334    2233 /usr/libexec/sssd/sssd_nss   0.0  0.0
3549723 3549719 /opt/rapid7/ir_agent/compon  0.0  0.0
   2206       1 /usr/bin/python3 -s /usr/sb  0.0  0.0
   2224       1 /usr/sbin/rsyslogd -n        0.0  0.0
   3576    3415 journalctl --follow --all -  0.0  0.0
   2997       1 /usr/bin/prometheus-node-ex  0.0  5.4
   2336    2233 /usr/libexec/sssd/sssd_ssh   0.0  0.0
      1       0 /usr/lib/systemd/systemd rh  0.0  0.0

